[2026-06-18 10:17:21] [Info] Application started
[2026-06-18 10:23:44] [Info] CPU stress test stopped [PID:27808]
[2026-06-18 10:23:44] [Info] Freed 0MB memory from stress test [PID:27808]
[2026-06-18 10:33:39] [Info] Application started
[2026-06-18 10:34:10] [Warning] WMI watcher initialization failed: 拒绝访问  [PID:16672]
[2026-06-18 10:34:10] [ProcessEvent] Started monitoring process [PID:16672] [Code]
[2026-06-18 10:34:10] [Info] 已附加到进程 PID=16672 [PID:16672]
[2026-06-18 11:26:59] [Info] Application started
[2026-06-18 11:27:15] [Warning] WMI watcher initialization failed: 拒绝访问  [PID:16672]
[2026-06-18 11:27:15] [ProcessEvent] Started monitoring process [PID:16672] [Code]
[2026-06-18 11:27:15] [Info] 已附加到进程 PID=16672 [PID:16672]
[2026-06-18 11:27:54] [ProcessEvent] Stopped monitoring process [PID:16672] [Code]
[2026-06-18 11:27:54] [Info] IPC server waiting for connection on pipe: VPMonitor_IPC_Pipe_ba72f73f89e045d69533919d66f30a20
[2026-06-18 11:32:40] [Info] Application started
[2026-06-18 11:32:55] [Warning] WMI watcher initialization failed: 拒绝访问  [PID:15368]
[2026-06-18 11:32:55] [ProcessEvent] Child process started [PID:7792] [crashpad_handler]
[2026-06-18 11:32:55] [ProcessEvent] Child process started [PID:18812] [QQ]
[2026-06-18 11:32:55] [ProcessEvent] Child process started [PID:1504] [QQ]
[2026-06-18 11:32:55] [ProcessEvent] Child process started [PID:15384] [QQ]
[2026-06-18 11:32:55] [ProcessEvent] Child process started [PID:11188] [QQ]
[2026-06-18 11:32:55] [ProcessEvent] Child process started [PID:13392] [QQ]
[2026-06-18 11:32:56] [ProcessEvent] Child process started [PID:9580] [QQ]
[2026-06-18 11:32:56] [ProcessEvent] Child process started [PID:4036] [QQ]
[2026-06-18 11:32:56] [ProcessEvent] Child process started [PID:14220] [QQEX]
[2026-06-18 11:32:56] [ProcessEvent] Child process started [PID:16852] [QQEX]
[2026-06-18 11:32:56] [ProcessEvent] Child process started [PID:15320] [QQEX]
[2026-06-18 11:32:56] [ProcessEvent] Child process started [PID:19532] [QQEX]
[2026-06-18 11:32:56] [ProcessEvent] Child process started [PID:21300] [QQEX]
[2026-06-18 11:32:56] [ProcessEvent] Child process started [PID:28096] [QQ]
[2026-06-18 11:32:56] [ProcessEvent] Child process started [PID:24368] [WeChatAppEx]
[2026-06-18 11:32:56] [ProcessEvent] Child process started [PID:11180] [WeChatAppEx]
[2026-06-18 11:32:56] [ProcessEvent] Child process started [PID:24120] [WeChatAppEx]
[2026-06-18 11:32:56] [ProcessEvent] Started monitoring process [PID:15368] [QQ]
[2026-06-18 11:32:56] [Info] 已附加到进程 PID=15368 [PID:15368]
[2026-06-18 11:34:37] [ActionTaken] Child process terminated [PID:7792] [crashpad_handler]
[2026-06-18 11:34:37] [ActionTaken] Child process terminated [PID:18812] [QQ]
[2026-06-18 11:34:37] [ActionTaken] Child process terminated [PID:1504] [QQ]
[2026-06-18 11:34:37] [ActionTaken] Child process terminated [PID:15384] [QQ]
[2026-06-18 11:34:37] [ActionTaken] Child process terminated [PID:11188] [QQ]
[2026-06-18 11:34:37] [ActionTaken] Child process terminated [PID:13392] [QQ]
[2026-06-18 11:34:37] [ActionTaken] Child process terminated [PID:9580] [QQ]
[2026-06-18 11:34:37] [ActionTaken] Child process terminated [PID:4036] [QQ]
[2026-06-18 11:34:37] [ActionTaken] Child process terminated [PID:14220] [QQEX]
[2026-06-18 11:34:37] [ActionTaken] Child process terminated [PID:16852] [QQEX]
[2026-06-18 11:34:37] [ActionTaken] Child process terminated [PID:15320] [QQEX]
[2026-06-18 11:34:37] [ActionTaken] Child process terminated [PID:19532] [QQEX]
[2026-06-18 11:34:37] [ActionTaken] Child process terminated [PID:21300] [QQEX]
[2026-06-18 11:34:37] [ActionTaken] Child process terminated [PID:24368] [WeChatAppEx]
[2026-06-18 11:34:37] [ActionTaken] Child process terminated [PID:11180] [WeChatAppEx]
[2026-06-18 11:34:37] [ActionTaken] Child process terminated [PID:24120] [WeChatAppEx]
[2026-06-18 11:34:37] [ActionTaken] Process terminated [PID:15368] [QQ]
[2026-06-18 11:34:37] [ProcessEvent] Stopped monitoring process [PID:15368] [QQ]
[2026-06-18 11:35:00] [Warning] WMI watcher initialization failed: 拒绝访问  [PID:7280]
[2026-06-18 11:35:00] [ProcessEvent] Child process started [PID:25792] [conhost]
[2026-06-18 11:35:00] [ProcessEvent] Started and monitoring new process [PID:7280] [VPMonitor.TestProcess] - D:\WorkSpace\Agent\MultiSoloSpace\617\vpmonitor\src\VPMonitor\bin\Debug\net9.0-windows\VPMonitor.TestProcess.exe
[2026-06-18 11:35:19] [Warning] 监控的进程已退出
[2026-06-18 11:35:19] [ProcessEvent] Stopped monitoring process [PID:7280] [VPMonitor.TestProcess]
[2026-06-18 11:35:33] [Warning] WMI watcher initialization failed: 拒绝访问  [PID:21428]
[2026-06-18 11:35:33] [ProcessEvent] Child process started [PID:21156] [conhost]
[2026-06-18 11:35:33] [ProcessEvent] Started and monitoring new process [PID:21428] [VPMonitor.TestProcess] - D:\WorkSpace\Agent\MultiSoloSpace\617\vpmonitor\src\VPMonitor\bin\Debug\net9.0-windows\VPMonitor.TestProcess.exe
[2026-06-18 11:35:40] [ActionTaken] Child process suspended [PID:21156] [conhost]
[2026-06-18 11:35:40] [ActionTaken] Process suspended [PID:21428] [VPMonitor.TestProcess]
[2026-06-18 11:35:50] [ActionTaken] Child process suspended [PID:21156] [conhost]
[2026-06-18 11:35:50] [ActionTaken] Process suspended [PID:21428] [VPMonitor.TestProcess]
[2026-06-18 11:35:53] [ActionTaken] Child process resumed [PID:21156] [conhost]
[2026-06-18 11:35:53] [ActionTaken] Process resumed [PID:21428] [VPMonitor.TestProcess]
[2026-06-18 11:36:00] [ActionTaken] Child process resumed [PID:21156] [conhost]
[2026-06-18 11:36:00] [ActionTaken] Process resumed [PID:21428] [VPMonitor.TestProcess]
[2026-06-18 11:36:02] [Warning] 监控的进程已退出
[2026-06-18 11:36:02] [ProcessEvent] Stopped monitoring process [PID:21428] [VPMonitor.TestProcess]
[2026-06-18 11:36:10] [Warning] WMI watcher initialization failed: 拒绝访问  [PID:17368]
[2026-06-18 11:36:10] [ProcessEvent] Child process started [PID:15644] [conhost]
[2026-06-18 11:36:10] [ProcessEvent] Started and monitoring new process [PID:17368] [VPMonitor.TestProcess] - D:\WorkSpace\Agent\MultiSoloSpace\617\vpmonitor\src\VPMonitor\bin\Debug\net9.0-windows\VPMonitor.TestProcess.exe
[2026-06-18 11:36:29] [Warning] 监控的进程已退出
[2026-06-18 11:36:29] [ProcessEvent] Stopped monitoring process [PID:17368] [VPMonitor.TestProcess]
[2026-06-18 11:36:35] [Info] CPU stress test started with level 70% [PID:22680]
[2026-06-18 11:37:56] [Info] CPU stress test stopped [PID:22680]
[2026-06-18 11:38:06] [Info] Freed 0MB memory from stress test [PID:22680]
[2026-06-18 11:38:28] [Warning] WMI watcher initialization failed: 拒绝访问  [PID:8536]
[2026-06-18 11:38:28] [ProcessEvent] Child process started [PID:26860] [conhost]
[2026-06-18 11:38:28] [ProcessEvent] Started and monitoring new process [PID:8536] [VPMonitor.TestProcess] - D:\WorkSpace\Agent\MultiSoloSpace\617\vpmonitor\src\VPMonitor\bin\Debug\net9.0-windows\VPMonitor.TestProcess.exe
[2026-06-18 11:38:47] [Warning] 监控的进程已退出
[2026-06-18 11:38:47] [ProcessEvent] Stopped monitoring process [PID:8536] [VPMonitor.TestProcess]
[2026-06-18 11:39:06] [Warning] WMI watcher initialization failed: 拒绝访问  [PID:16576]
[2026-06-18 11:39:06] [ProcessEvent] Child process started [PID:10844] [conhost]
[2026-06-18 11:39:06] [ProcessEvent] Started and monitoring new process [PID:16576] [VPMonitor.TestProcess] - D:\WorkSpace\Agent\MultiSoloSpace\617\vpmonitor\src\VPMonitor\bin\Debug\net9.0-windows\VPMonitor.TestProcess.exe
[2026-06-18 11:39:25] [Warning] 监控的进程已退出
[2026-06-18 11:39:25] [ProcessEvent] Stopped monitoring process [PID:16576] [VPMonitor.TestProcess]
[2026-06-18 11:41:51] [Info] CPU stress test started with level 70% [PID:22680]
[2026-06-18 11:42:26] [Warning] WMI watcher initialization failed: 拒绝访问  [PID:22680]
[2026-06-18 11:42:26] [ProcessEvent] Started monitoring process [PID:22680] [VPMonitor]
[2026-06-18 11:42:26] [Info] 已附加到进程 PID=22680 [PID:22680]
[2026-06-18 11:43:13] [Info] 阈值设置已更新
[2026-06-18 11:45:41] [ProcessEvent] Stopped monitoring process [PID:22680] [VPMonitor]
[2026-06-18 11:45:41] [Info] IPC server waiting for connection on pipe: VPMonitor_IPC_Pipe_d9fabadc72b449008aae19f2ab649675
[2026-06-18 11:46:39] [Info] Application started
[2026-06-18 11:47:32] [Info] Application started
[2026-06-18 11:47:56] [Warning] WMI watcher initialization failed: 拒绝访问  [PID:13920]
[2026-06-18 11:47:56] [ProcessEvent] Started monitoring process [PID:13920] [VPMonitor]
[2026-06-18 11:47:56] [Info] 已附加到进程 PID=13920 [PID:13920]
